The system is: Linux - 3.10.0-1160.31.1.el7.x86_64 - x86_64
Compiling the C compiler identification source file "CMakeCCompilerId.c" succeeded.
Compiler: /N/soft/rhel7/gcc/6.3.0/bin/cc 
Build flags: 
Id flags: 

The output was:
0


Compilation of the C compiler identification source "CMakeCCompilerId.c" produced "a.out"

The C compiler identification is GNU, found in "/N/project/ceem_coherent/CENNS750/PMTtests/code/PMT-Analysis-ROOT/build/CMakeFiles/2.8.12.2/CompilerIdC/a.out"

Compiling the CXX compiler identification source file "CMakeCXXCompilerId.cpp" succeeded.
Compiler: /N/soft/rhel7/gcc/6.3.0/bin/c++ 
Build flags: 
Id flags: 

The output was:
0


Compilation of the CXX compiler identification source "CMakeCXXCompilerId.cpp" produced "a.out"

The CXX compiler identification is GNU, found in "/N/project/ceem_coherent/CENNS750/PMTtests/code/PMT-Analysis-ROOT/build/CMakeFiles/2.8.12.2/CompilerIdCXX/a.out"

Determining if the C compiler works passed with the following output:
Change Dir: /N/project/ceem_coherent/CENNS750/PMTtests/code/PMT-Analysis-ROOT/build/CMakeFiles/CMakeTmp

Run Build Command:/bin/gmake "cmTryCompileExec4097856238/fast"
/bin/gmake -f CMakeFiles/cmTryCompileExec4097856238.dir/build.make CMakeFiles/cmTryCompileExec4097856238.dir/build
gmake[1]: Entering directory `/N/project/ceem_coherent/CENNS750/PMTtests/code/PMT-Analysis-ROOT/build/CMakeFiles/CMakeTmp'
/usr/bin/cmake -E cmake_progress_report /N/project/ceem_coherent/CENNS750/PMTtests/code/PMT-Analysis-ROOT/build/CMakeFiles/CMakeTmp/CMakeFiles 1
Building C object CMakeFiles/cmTryCompileExec4097856238.dir/testCCompiler.c.o
/N/soft/rhel7/gcc/6.3.0/bin/cc    -o CMakeFiles/cmTryCompileExec4097856238.dir/testCCompiler.c.o   -c /N/project/ceem_coherent/CENNS750/PMTtests/code/PMT-Analysis-ROOT/build/CMakeFiles/CMakeTmp/testCCompiler.c
Linking C executable cmTryCompileExec4097856238
/usr/bin/cmake -E cmake_link_script CMakeFiles/cmTryCompileExec4097856238.dir/link.txt --verbose=1
/N/soft/rhel7/gcc/6.3.0/bin/cc       CMakeFiles/cmTryCompileExec4097856238.dir/testCCompiler.c.o  -o cmTryCompileExec4097856238 -rdynamic 
gmake[1]: Leaving directory `/N/project/ceem_coherent/CENNS750/PMTtests/code/PMT-Analysis-ROOT/build/CMakeFiles/CMakeTmp'


Detecting C compiler ABI info compiled with the following output:
Change Dir: /N/project/ceem_coherent/CENNS750/PMTtests/code/PMT-Analysis-ROOT/build/CMakeFiles/CMakeTmp

Run Build Command:/bin/gmake "cmTryCompileExec611851248/fast"
/bin/gmake -f CMakeFiles/cmTryCompileExec611851248.dir/build.make CMakeFiles/cmTryCompileExec611851248.dir/build
gmake[1]: Entering directory `/N/project/ceem_coherent/CENNS750/PMTtests/code/PMT-Analysis-ROOT/build/CMakeFiles/CMakeTmp'
/usr/bin/cmake -E cmake_progress_report /N/project/ceem_coherent/CENNS750/PMTtests/code/PMT-Analysis-ROOT/build/CMakeFiles/CMakeTmp/CMakeFiles 1
Building C object CMakeFiles/cmTryCompileExec611851248.dir/CMakeCCompilerABI.c.o
/N/soft/rhel7/gcc/6.3.0/bin/cc    -o CMakeFiles/cmTryCompileExec611851248.dir/CMakeCCompilerABI.c.o   -c /usr/share/cmake/Modules/CMakeCCompilerABI.c
Linking C executable cmTryCompileExec611851248
/usr/bin/cmake -E cmake_link_script CMakeFiles/cmTryCompileExec611851248.dir/link.txt --verbose=1
/N/soft/rhel7/gcc/6.3.0/bin/cc     -v CMakeFiles/cmTryCompileExec611851248.dir/CMakeCCompilerABI.c.o  -o cmTryCompileExec611851248 -rdynamic  
Using built-in specs.
COLLECT_GCC=/N/soft/rhel7/gcc/6.3.0/bin/cc
COLLECT_LTO_WRAPPER=/geode2/soft/hps/rhel7/gcc/6.3.0/bin/../libexec/gcc/x86_64-pc-linux-gnu/6.3.0/lto-wrapper
Target: x86_64-pc-linux-gnu
Configured with: ./configure --prefix=/N/soft/rhel7/gcc/6.3.0 --with-long-double-128 --enable-host-shared --disable-multilib --enable-threads
Thread model: posix
gcc version 6.3.0 (GCC) 
COMPILER_PATH=/geode2/soft/hps/rhel7/gcc/6.3.0/bin/../libexec/gcc/x86_64-pc-linux-gnu/6.3.0/:/geode2/soft/hps/rhel7/gcc/6.3.0/bin/../libexec/gcc/:/N/soft/rhel7/xalt/2.10.19/bin/
LIBRARY_PATH=/geode2/soft/hps/rhel7/gcc/6.3.0/bin/../lib/gcc/x86_64-pc-linux-gnu/6.3.0/:/geode2/soft/hps/rhel7/gcc/6.3.0/bin/../lib/gcc/:/N/soft/rhel7/gcc/6.3.0/lib64/../lib64/:/N/soft/rhel7/gcc/6.3.0/lib/../lib64/:/geode2/soft/hps/rhel7/gcc/6.3.0/bin/../lib/gcc/x86_64-pc-linux-gnu/6.3.0/../../../../lib64/:/lib/../lib64/:/usr/lib/../lib64/:/N/soft/rhel7/intel/19.5/compilers_and_libraries_2019.5.281/linux/ipp/lib/intel64/:/N/soft/rhel7/intel/19.5/compilers_and_libraries_2019.5.281/linux/compiler/lib/intel64_lin/:/N/soft/rhel7/intel/19.5/compilers_and_libraries_2019.5.281/linux/mkl/lib/intel64_lin/:/N/soft/rhel7/intel/19.5/compilers_and_libraries_2019.5.281/linux/tbb/lib/intel64/gcc4.7/:/N/soft/rhel7/intel/19.5/compilers_and_libraries_2019.5.281/linux/daal/lib/intel64_lin/:/N/soft/rhel7/gcc/6.3.0/lib64/:/N/soft/rhel7/gcc/6.3.0/lib/:/geode2/soft/hps/rhel7/gcc/6.3.0/bin/../lib/gcc/x86_64-pc-linux-gnu/6.3.0/../../../:/lib/:/usr/lib/
COLLECT_GCC_OPTIONS='-v' '-o' 'cmTryCompileExec611851248' '-rdynamic' '-mtune=generic' '-march=x86-64'
 /geode2/soft/hps/rhel7/gcc/6.3.0/bin/../libexec/gcc/x86_64-pc-linux-gnu/6.3.0/collect2 -plugin /geode2/soft/hps/rhel7/gcc/6.3.0/bin/../libexec/gcc/x86_64-pc-linux-gnu/6.3.0/liblto_plugin.so -plugin-opt=/geode2/soft/hps/rhel7/gcc/6.3.0/bin/../libexec/gcc/x86_64-pc-linux-gnu/6.3.0/lto-wrapper -plugin-opt=-fresolution=/tmp/ccfeJgrP.res -plugin-opt=-pass-through=-lgcc -plugin-opt=-pass-through=-lgcc_s -plugin-opt=-pass-through=-lc -plugin-opt=-pass-through=-lgcc -plugin-opt=-pass-through=-lgcc_s --eh-frame-hdr -m elf_x86_64 -export-dynamic -dynamic-linker /lib64/ld-linux-x86-64.so.2 -o cmTryCompileExec611851248 /lib/../lib64/crt1.o /lib/../lib64/crti.o /geode2/soft/hps/rhel7/gcc/6.3.0/bin/../lib/gcc/x86_64-pc-linux-gnu/6.3.0/crtbegin.o -L/geode2/soft/hps/rhel7/gcc/6.3.0/bin/../lib/gcc/x86_64-pc-linux-gnu/6.3.0 -L/geode2/soft/hps/rhel7/gcc/6.3.0/bin/../lib/gcc -L/N/soft/rhel7/gcc/6.3.0/lib64/../lib64 -L/N/soft/rhel7/gcc/6.3.0/lib/../lib64 -L/geode2/soft/hps/rhel7/gcc/6.3.0/bin/../lib/gcc/x86_64-pc-linux-gnu/6.3.0/../../../../lib64 -L/lib/../lib64 -L/usr/lib/../lib64 -L/N/soft/rhel7/intel/19.5/compilers_and_libraries_2019.5.281/linux/ipp/lib/intel64 -L/N/soft/rhel7/intel/19.5/compilers_and_libraries_2019.5.281/linux/compiler/lib/intel64_lin -L/N/soft/rhel7/intel/19.5/compilers_and_libraries_2019.5.281/linux/mkl/lib/intel64_lin -L/N/soft/rhel7/intel/19.5/compilers_and_libraries_2019.5.281/linux/tbb/lib/intel64/gcc4.7 -L/N/soft/rhel7/intel/19.5/compilers_and_libraries_2019.5.281/linux/daal/lib/intel64_lin -L/N/soft/rhel7/gcc/6.3.0/lib64 -L/N/soft/rhel7/gcc/6.3.0/lib -L/geode2/soft/hps/rhel7/gcc/6.3.0/bin/../lib/gcc/x86_64-pc-linux-gnu/6.3.0/../../.. CMakeFiles/cmTryCompileExec611851248.dir/CMakeCCompilerABI.c.o -lgcc --as-needed -lgcc_s --no-as-needed -lc -lgcc --as-needed -lgcc_s --no-as-needed /geode2/soft/hps/rhel7/gcc/6.3.0/bin/../lib/gcc/x86_64-pc-linux-gnu/6.3.0/crtend.o /lib/../lib64/crtn.o
COLLECT_GCC_OPTIONS='-v' '-o' 'cmTryCompileExec611851248' '-rdynamic' '-mtune=generic' '-march=x86-64'
gmake[1]: Leaving directory `/N/project/ceem_coherent/CENNS750/PMTtests/code/PMT-Analysis-ROOT/build/CMakeFiles/CMakeTmp'


Parsed C implicit link information from above output:
  link line regex: [^( *|.*[/\])(ld|([^/\]+-)?ld|collect2)[^/\]*( |$)]
  ignore line: [Change Dir: /N/project/ceem_coherent/CENNS750/PMTtests/code/PMT-Analysis-ROOT/build/CMakeFiles/CMakeTmp]
  ignore line: []
  ignore line: [Run Build Command:/bin/gmake "cmTryCompileExec611851248/fast"]
  ignore line: [/bin/gmake -f CMakeFiles/cmTryCompileExec611851248.dir/build.make CMakeFiles/cmTryCompileExec611851248.dir/build]
  ignore line: [gmake[1]: Entering directory `/N/project/ceem_coherent/CENNS750/PMTtests/code/PMT-Analysis-ROOT/build/CMakeFiles/CMakeTmp']
  ignore line: [/usr/bin/cmake -E cmake_progress_report /N/project/ceem_coherent/CENNS750/PMTtests/code/PMT-Analysis-ROOT/build/CMakeFiles/CMakeTmp/CMakeFiles 1]
  ignore line: [Building C object CMakeFiles/cmTryCompileExec611851248.dir/CMakeCCompilerABI.c.o]
  ignore line: [/N/soft/rhel7/gcc/6.3.0/bin/cc    -o CMakeFiles/cmTryCompileExec611851248.dir/CMakeCCompilerABI.c.o   -c /usr/share/cmake/Modules/CMakeCCompilerABI.c]
  ignore line: [Linking C executable cmTryCompileExec611851248]
  ignore line: [/usr/bin/cmake -E cmake_link_script CMakeFiles/cmTryCompileExec611851248.dir/link.txt --verbose=1]
  ignore line: [/N/soft/rhel7/gcc/6.3.0/bin/cc     -v CMakeFiles/cmTryCompileExec611851248.dir/CMakeCCompilerABI.c.o  -o cmTryCompileExec611851248 -rdynamic  ]
  ignore line: [Using built-in specs.]
  ignore line: [COLLECT_GCC=/N/soft/rhel7/gcc/6.3.0/bin/cc]
  ignore line: [COLLECT_LTO_WRAPPER=/geode2/soft/hps/rhel7/gcc/6.3.0/bin/../libexec/gcc/x86_64-pc-linux-gnu/6.3.0/lto-wrapper]
  ignore line: [Target: x86_64-pc-linux-gnu]
  ignore line: [Configured with: ./configure --prefix=/N/soft/rhel7/gcc/6.3.0 --with-long-double-128 --enable-host-shared --disable-multilib --enable-threads]
  ignore line: [Thread model: posix]
  ignore line: [gcc version 6.3.0 (GCC) ]
  ignore line: [COMPILER_PATH=/geode2/soft/hps/rhel7/gcc/6.3.0/bin/../libexec/gcc/x86_64-pc-linux-gnu/6.3.0/:/geode2/soft/hps/rhel7/gcc/6.3.0/bin/../libexec/gcc/:/N/soft/rhel7/xalt/2.10.19/bin/]
  ignore line: [LIBRARY_PATH=/geode2/soft/hps/rhel7/gcc/6.3.0/bin/../lib/gcc/x86_64-pc-linux-gnu/6.3.0/:/geode2/soft/hps/rhel7/gcc/6.3.0/bin/../lib/gcc/:/N/soft/rhel7/gcc/6.3.0/lib64/../lib64/:/N/soft/rhel7/gcc/6.3.0/lib/../lib64/:/geode2/soft/hps/rhel7/gcc/6.3.0/bin/../lib/gcc/x86_64-pc-linux-gnu/6.3.0/../../../../lib64/:/lib/../lib64/:/usr/lib/../lib64/:/N/soft/rhel7/intel/19.5/compilers_and_libraries_2019.5.281/linux/ipp/lib/intel64/:/N/soft/rhel7/intel/19.5/compilers_and_libraries_2019.5.281/linux/compiler/lib/intel64_lin/:/N/soft/rhel7/intel/19.5/compilers_and_libraries_2019.5.281/linux/mkl/lib/intel64_lin/:/N/soft/rhel7/intel/19.5/compilers_and_libraries_2019.5.281/linux/tbb/lib/intel64/gcc4.7/:/N/soft/rhel7/intel/19.5/compilers_and_libraries_2019.5.281/linux/daal/lib/intel64_lin/:/N/soft/rhel7/gcc/6.3.0/lib64/:/N/soft/rhel7/gcc/6.3.0/lib/:/geode2/soft/hps/rhel7/gcc/6.3.0/bin/../lib/gcc/x86_64-pc-linux-gnu/6.3.0/../../../:/lib/:/usr/lib/]
  ignore line: [COLLECT_GCC_OPTIONS='-v' '-o' 'cmTryCompileExec611851248' '-rdynamic' '-mtune=generic' '-march=x86-64']
  link line: [ /geode2/soft/hps/rhel7/gcc/6.3.0/bin/../libexec/gcc/x86_64-pc-linux-gnu/6.3.0/collect2 -plugin /geode2/soft/hps/rhel7/gcc/6.3.0/bin/../libexec/gcc/x86_64-pc-linux-gnu/6.3.0/liblto_plugin.so -plugin-opt=/geode2/soft/hps/rhel7/gcc/6.3.0/bin/../libexec/gcc/x86_64-pc-linux-gnu/6.3.0/lto-wrapper -plugin-opt=-fresolution=/tmp/ccfeJgrP.res -plugin-opt=-pass-through=-lgcc -plugin-opt=-pass-through=-lgcc_s -plugin-opt=-pass-through=-lc -plugin-opt=-pass-through=-lgcc -plugin-opt=-pass-through=-lgcc_s --eh-frame-hdr -m elf_x86_64 -export-dynamic -dynamic-linker /lib64/ld-linux-x86-64.so.2 -o cmTryCompileExec611851248 /lib/../lib64/crt1.o /lib/../lib64/crti.o /geode2/soft/hps/rhel7/gcc/6.3.0/bin/../lib/gcc/x86_64-pc-linux-gnu/6.3.0/crtbegin.o -L/geode2/soft/hps/rhel7/gcc/6.3.0/bin/../lib/gcc/x86_64-pc-linux-gnu/6.3.0 -L/geode2/soft/hps/rhel7/gcc/6.3.0/bin/../lib/gcc -L/N/soft/rhel7/gcc/6.3.0/lib64/../lib64 -L/N/soft/rhel7/gcc/6.3.0/lib/../lib64 -L/geode2/soft/hps/rhel7/gcc/6.3.0/bin/../lib/gcc/x86_64-pc-linux-gnu/6.3.0/../../../../lib64 -L/lib/../lib64 -L/usr/lib/../lib64 -L/N/soft/rhel7/intel/19.5/compilers_and_libraries_2019.5.281/linux/ipp/lib/intel64 -L/N/soft/rhel7/intel/19.5/compilers_and_libraries_2019.5.281/linux/compiler/lib/intel64_lin -L/N/soft/rhel7/intel/19.5/compilers_and_libraries_2019.5.281/linux/mkl/lib/intel64_lin -L/N/soft/rhel7/intel/19.5/compilers_and_libraries_2019.5.281/linux/tbb/lib/intel64/gcc4.7 -L/N/soft/rhel7/intel/19.5/compilers_and_libraries_2019.5.281/linux/daal/lib/intel64_lin -L/N/soft/rhel7/gcc/6.3.0/lib64 -L/N/soft/rhel7/gcc/6.3.0/lib -L/geode2/soft/hps/rhel7/gcc/6.3.0/bin/../lib/gcc/x86_64-pc-linux-gnu/6.3.0/../../.. CMakeFiles/cmTryCompileExec611851248.dir/CMakeCCompilerABI.c.o -lgcc --as-needed -lgcc_s --no-as-needed -lc -lgcc --as-needed -lgcc_s --no-as-needed /geode2/soft/hps/rhel7/gcc/6.3.0/bin/../lib/gcc/x86_64-pc-linux-gnu/6.3.0/crtend.o /lib/../lib64/crtn.o]
    arg [/geode2/soft/hps/rhel7/gcc/6.3.0/bin/../libexec/gcc/x86_64-pc-linux-gnu/6.3.0/collect2] ==> ignore
    arg [-plugin] ==> ignore
    arg [/geode2/soft/hps/rhel7/gcc/6.3.0/bin/../libexec/gcc/x86_64-pc-linux-gnu/6.3.0/liblto_plugin.so] ==> ignore
    arg [-plugin-opt=/geode2/soft/hps/rhel7/gcc/6.3.0/bin/../libexec/gcc/x86_64-pc-linux-gnu/6.3.0/lto-wrapper] ==> ignore
    arg [-plugin-opt=-fresolution=/tmp/ccfeJgrP.res] ==> ignore
    arg [-plugin-opt=-pass-through=-lgcc] ==> ignore
    arg [-plugin-opt=-pass-through=-lgcc_s] ==> ignore
    arg [-plugin-opt=-pass-through=-lc] ==> ignore
    arg [-plugin-opt=-pass-through=-lgcc] ==> ignore
    arg [-plugin-opt=-pass-through=-lgcc_s] ==> ignore
    arg [--eh-frame-hdr] ==> ignore
    arg [-m] ==> ignore
    arg [elf_x86_64] ==> ignore
    arg [-export-dynamic] ==> ignore
    arg [-dynamic-linker] ==> ignore
    arg [/lib64/ld-linux-x86-64.so.2] ==> ignore
    arg [-o] ==> ignore
    arg [cmTryCompileExec611851248] ==> ignore
    arg [/lib/../lib64/crt1.o] ==> ignore
    arg [/lib/../lib64/crti.o] ==> ignore
    arg [/geode2/soft/hps/rhel7/gcc/6.3.0/bin/../lib/gcc/x86_64-pc-linux-gnu/6.3.0/crtbegin.o] ==> ignore
    arg [-L/geode2/soft/hps/rhel7/gcc/6.3.0/bin/../lib/gcc/x86_64-pc-linux-gnu/6.3.0] ==> dir [/geode2/soft/hps/rhel7/gcc/6.3.0/bin/../lib/gcc/x86_64-pc-linux-gnu/6.3.0]
    arg [-L/geode2/soft/hps/rhel7/gcc/6.3.0/bin/../lib/gcc] ==> dir [/geode2/soft/hps/rhel7/gcc/6.3.0/bin/../lib/gcc]
    arg [-L/N/soft/rhel7/gcc/6.3.0/lib64/../lib64] ==> dir [/N/soft/rhel7/gcc/6.3.0/lib64/../lib64]
    arg [-L/N/soft/rhel7/gcc/6.3.0/lib/../lib64] ==> dir [/N/soft/rhel7/gcc/6.3.0/lib/../lib64]
    arg [-L/geode2/soft/hps/rhel7/gcc/6.3.0/bin/../lib/gcc/x86_64-pc-linux-gnu/6.3.0/../../../../lib64] ==> dir [/geode2/soft/hps/rhel7/gcc/6.3.0/bin/../lib/gcc/x86_64-pc-linux-gnu/6.3.0/../../../../lib64]
    arg [-L/lib/../lib64] ==> dir [/lib/../lib64]
    arg [-L/usr/lib/../lib64] ==> dir [/usr/lib/../lib64]
    arg [-L/N/soft/rhel7/intel/19.5/compilers_and_libraries_2019.5.281/linux/ipp/lib/intel64] ==> dir [/N/soft/rhel7/intel/19.5/compilers_and_libraries_2019.5.281/linux/ipp/lib/intel64]
    arg [-L/N/soft/rhel7/intel/19.5/compilers_and_libraries_2019.5.281/linux/compiler/lib/intel64_lin] ==> dir [/N/soft/rhel7/intel/19.5/compilers_and_libraries_2019.5.281/linux/compiler/lib/intel64_lin]
    arg [-L/N/soft/rhel7/intel/19.5/compilers_and_libraries_2019.5.281/linux/mkl/lib/intel64_lin] ==> dir [/N/soft/rhel7/intel/19.5/compilers_and_libraries_2019.5.281/linux/mkl/lib/intel64_lin]
    arg [-L/N/soft/rhel7/intel/19.5/compilers_and_libraries_2019.5.281/linux/tbb/lib/intel64/gcc4.7] ==> dir [/N/soft/rhel7/intel/19.5/compilers_and_libraries_2019.5.281/linux/tbb/lib/intel64/gcc4.7]
    arg [-L/N/soft/rhel7/intel/19.5/compilers_and_libraries_2019.5.281/linux/daal/lib/intel64_lin] ==> dir [/N/soft/rhel7/intel/19.5/compilers_and_libraries_2019.5.281/linux/daal/lib/intel64_lin]
    arg [-L/N/soft/rhel7/gcc/6.3.0/lib64] ==> dir [/N/soft/rhel7/gcc/6.3.0/lib64]
    arg [-L/N/soft/rhel7/gcc/6.3.0/lib] ==> dir [/N/soft/rhel7/gcc/6.3.0/lib]
    arg [-L/geode2/soft/hps/rhel7/gcc/6.3.0/bin/../lib/gcc/x86_64-pc-linux-gnu/6.3.0/../../..] ==> dir [/geode2/soft/hps/rhel7/gcc/6.3.0/bin/../lib/gcc/x86_64-pc-linux-gnu/6.3.0/../../..]
    arg [CMakeFiles/cmTryCompileExec611851248.dir/CMakeCCompilerABI.c.o] ==> ignore
    arg [-lgcc] ==> lib [gcc]
    arg [--as-needed] ==> ignore
    arg [-lgcc_s] ==> lib [gcc_s]
    arg [--no-as-needed] ==> ignore
    arg [-lc] ==> lib [c]
    arg [-lgcc] ==> lib [gcc]
    arg [--as-needed] ==> ignore
    arg [-lgcc_s] ==> lib [gcc_s]
    arg [--no-as-needed] ==> ignore
    arg [/geode2/soft/hps/rhel7/gcc/6.3.0/bin/../lib/gcc/x86_64-pc-linux-gnu/6.3.0/crtend.o] ==> ignore
    arg [/lib/../lib64/crtn.o] ==> ignore
  remove lib [gcc]
  remove lib [gcc_s]
  remove lib [gcc]
  remove lib [gcc_s]
  collapse library dir [/geode2/soft/hps/rhel7/gcc/6.3.0/bin/../lib/gcc/x86_64-pc-linux-gnu/6.3.0] ==> [/geode2/soft/hps/rhel7/gcc/6.3.0/lib/gcc/x86_64-pc-linux-gnu/6.3.0]
  collapse library dir [/geode2/soft/hps/rhel7/gcc/6.3.0/bin/../lib/gcc] ==> [/geode2/soft/hps/rhel7/gcc/6.3.0/lib/gcc]
  collapse library dir [/N/soft/rhel7/gcc/6.3.0/lib64/../lib64] ==> [/N/soft/rhel7/gcc/6.3.0/lib64]
  collapse library dir [/N/soft/rhel7/gcc/6.3.0/lib/../lib64] ==> [/N/soft/rhel7/gcc/6.3.0/lib64]
  collapse library dir [/geode2/soft/hps/rhel7/gcc/6.3.0/bin/../lib/gcc/x86_64-pc-linux-gnu/6.3.0/../../../../lib64] ==> [/geode2/soft/hps/rhel7/gcc/6.3.0/lib64]
  collapse library dir [/lib/../lib64] ==> [/lib64]
  collapse library dir [/usr/lib/../lib64] ==> [/usr/lib64]
  collapse library dir [/N/soft/rhel7/intel/19.5/compilers_and_libraries_2019.5.281/linux/ipp/lib/intel64] ==> [/N/soft/rhel7/intel/19.5/compilers_and_libraries_2019.5.281/linux/ipp/lib/intel64]
  collapse library dir [/N/soft/rhel7/intel/19.5/compilers_and_libraries_2019.5.281/linux/compiler/lib/intel64_lin] ==> [/N/soft/rhel7/intel/19.5/compilers_and_libraries_2019.5.281/linux/compiler/lib/intel64_lin]
  collapse library dir [/N/soft/rhel7/intel/19.5/compilers_and_libraries_2019.5.281/linux/mkl/lib/intel64_lin] ==> [/N/soft/rhel7/intel/19.5/compilers_and_libraries_2019.5.281/linux/mkl/lib/intel64_lin]
  collapse library dir [/N/soft/rhel7/intel/19.5/compilers_and_libraries_2019.5.281/linux/tbb/lib/intel64/gcc4.7] ==> [/N/soft/rhel7/intel/19.5/compilers_and_libraries_2019.5.281/linux/tbb/lib/intel64/gcc4.7]
  collapse library dir [/N/soft/rhel7/intel/19.5/compilers_and_libraries_2019.5.281/linux/daal/lib/intel64_lin] ==> [/N/soft/rhel7/intel/19.5/compilers_and_libraries_2019.5.281/linux/daal/lib/intel64_lin]
  collapse library dir [/N/soft/rhel7/gcc/6.3.0/lib64] ==> [/N/soft/rhel7/gcc/6.3.0/lib64]
  collapse library dir [/N/soft/rhel7/gcc/6.3.0/lib] ==> [/N/soft/rhel7/gcc/6.3.0/lib]
  collapse library dir [/geode2/soft/hps/rhel7/gcc/6.3.0/bin/../lib/gcc/x86_64-pc-linux-gnu/6.3.0/../../..] ==> [/geode2/soft/hps/rhel7/gcc/6.3.0/lib]
  implicit libs: [c]
  implicit dirs: [/geode2/soft/hps/rhel7/gcc/6.3.0/lib/gcc/x86_64-pc-linux-gnu/6.3.0;/geode2/soft/hps/rhel7/gcc/6.3.0/lib/gcc;/N/soft/rhel7/gcc/6.3.0/lib64;/geode2/soft/hps/rhel7/gcc/6.3.0/lib64;/lib64;/usr/lib64;/N/soft/rhel7/intel/19.5/compilers_and_libraries_2019.5.281/linux/ipp/lib/intel64;/N/soft/rhel7/intel/19.5/compilers_and_libraries_2019.5.281/linux/compiler/lib/intel64_lin;/N/soft/rhel7/intel/19.5/compilers_and_libraries_2019.5.281/linux/mkl/lib/intel64_lin;/N/soft/rhel7/intel/19.5/compilers_and_libraries_2019.5.281/linux/tbb/lib/intel64/gcc4.7;/N/soft/rhel7/intel/19.5/compilers_and_libraries_2019.5.281/linux/daal/lib/intel64_lin;/N/soft/rhel7/gcc/6.3.0/lib;/geode2/soft/hps/rhel7/gcc/6.3.0/lib]
  implicit fwks: []


Determining if the CXX compiler works passed with the following output:
Change Dir: /N/project/ceem_coherent/CENNS750/PMTtests/code/PMT-Analysis-ROOT/build/CMakeFiles/CMakeTmp

Run Build Command:/bin/gmake "cmTryCompileExec2418677619/fast"
/bin/gmake -f CMakeFiles/cmTryCompileExec2418677619.dir/build.make CMakeFiles/cmTryCompileExec2418677619.dir/build
gmake[1]: Entering directory `/N/project/ceem_coherent/CENNS750/PMTtests/code/PMT-Analysis-ROOT/build/CMakeFiles/CMakeTmp'
/usr/bin/cmake -E cmake_progress_report /N/project/ceem_coherent/CENNS750/PMTtests/code/PMT-Analysis-ROOT/build/CMakeFiles/CMakeTmp/CMakeFiles 1
Building CXX object CMakeFiles/cmTryCompileExec2418677619.dir/testCXXCompiler.cxx.o
/N/soft/rhel7/gcc/6.3.0/bin/c++     -o CMakeFiles/cmTryCompileExec2418677619.dir/testCXXCompiler.cxx.o -c /N/project/ceem_coherent/CENNS750/PMTtests/code/PMT-Analysis-ROOT/build/CMakeFiles/CMakeTmp/testCXXCompiler.cxx
Linking CXX executable cmTryCompileExec2418677619
/usr/bin/cmake -E cmake_link_script CMakeFiles/cmTryCompileExec2418677619.dir/link.txt --verbose=1
/N/soft/rhel7/gcc/6.3.0/bin/c++        CMakeFiles/cmTryCompileExec2418677619.dir/testCXXCompiler.cxx.o  -o cmTryCompileExec2418677619 -rdynamic 
gmake[1]: Leaving directory `/N/project/ceem_coherent/CENNS750/PMTtests/code/PMT-Analysis-ROOT/build/CMakeFiles/CMakeTmp'


Detecting CXX compiler ABI info compiled with the following output:
Change Dir: /N/project/ceem_coherent/CENNS750/PMTtests/code/PMT-Analysis-ROOT/build/CMakeFiles/CMakeTmp

Run Build Command:/bin/gmake "cmTryCompileExec1054693510/fast"
/bin/gmake -f CMakeFiles/cmTryCompileExec1054693510.dir/build.make CMakeFiles/cmTryCompileExec1054693510.dir/build
gmake[1]: Entering directory `/N/project/ceem_coherent/CENNS750/PMTtests/code/PMT-Analysis-ROOT/build/CMakeFiles/CMakeTmp'
/usr/bin/cmake -E cmake_progress_report /N/project/ceem_coherent/CENNS750/PMTtests/code/PMT-Analysis-ROOT/build/CMakeFiles/CMakeTmp/CMakeFiles 1
Building CXX object CMakeFiles/cmTryCompileExec1054693510.dir/CMakeCXXCompilerABI.cpp.o
/N/soft/rhel7/gcc/6.3.0/bin/c++     -o CMakeFiles/cmTryCompileExec1054693510.dir/CMakeCXXCompilerABI.cpp.o -c /usr/share/cmake/Modules/CMakeCXXCompilerABI.cpp
Linking CXX executable cmTryCompileExec1054693510
/usr/bin/cmake -E cmake_link_script CMakeFiles/cmTryCompileExec1054693510.dir/link.txt --verbose=1
/N/soft/rhel7/gcc/6.3.0/bin/c++      -v CMakeFiles/cmTryCompileExec1054693510.dir/CMakeCXXCompilerABI.cpp.o  -o cmTryCompileExec1054693510 -rdynamic  
Using built-in specs.
COLLECT_GCC=/N/soft/rhel7/gcc/6.3.0/bin/c++
COLLECT_LTO_WRAPPER=/geode2/soft/hps/rhel7/gcc/6.3.0/bin/../libexec/gcc/x86_64-pc-linux-gnu/6.3.0/lto-wrapper
Target: x86_64-pc-linux-gnu
Configured with: ./configure --prefix=/N/soft/rhel7/gcc/6.3.0 --with-long-double-128 --enable-host-shared --disable-multilib --enable-threads
Thread model: posix
gcc version 6.3.0 (GCC) 
COMPILER_PATH=/geode2/soft/hps/rhel7/gcc/6.3.0/bin/../libexec/gcc/x86_64-pc-linux-gnu/6.3.0/:/geode2/soft/hps/rhel7/gcc/6.3.0/bin/../libexec/gcc/:/N/soft/rhel7/xalt/2.10.19/bin/
LIBRARY_PATH=/geode2/soft/hps/rhel7/gcc/6.3.0/bin/../lib/gcc/x86_64-pc-linux-gnu/6.3.0/:/geode2/soft/hps/rhel7/gcc/6.3.0/bin/../lib/gcc/:/N/soft/rhel7/gcc/6.3.0/lib64/../lib64/:/N/soft/rhel7/gcc/6.3.0/lib/../lib64/:/geode2/soft/hps/rhel7/gcc/6.3.0/bin/../lib/gcc/x86_64-pc-linux-gnu/6.3.0/../../../../lib64/:/lib/../lib64/:/usr/lib/../lib64/:/N/soft/rhel7/intel/19.5/compilers_and_libraries_2019.5.281/linux/ipp/lib/intel64/:/N/soft/rhel7/intel/19.5/compilers_and_libraries_2019.5.281/linux/compiler/lib/intel64_lin/:/N/soft/rhel7/intel/19.5/compilers_and_libraries_2019.5.281/linux/mkl/lib/intel64_lin/:/N/soft/rhel7/intel/19.5/compilers_and_libraries_2019.5.281/linux/tbb/lib/intel64/gcc4.7/:/N/soft/rhel7/intel/19.5/compilers_and_libraries_2019.5.281/linux/daal/lib/intel64_lin/:/N/soft/rhel7/gcc/6.3.0/lib64/:/N/soft/rhel7/gcc/6.3.0/lib/:/geode2/soft/hps/rhel7/gcc/6.3.0/bin/../lib/gcc/x86_64-pc-linux-gnu/6.3.0/../../../:/lib/:/usr/lib/
COLLECT_GCC_OPTIONS='-v' '-o' 'cmTryCompileExec1054693510' '-rdynamic' '-shared-libgcc' '-mtune=generic' '-march=x86-64'
 /geode2/soft/hps/rhel7/gcc/6.3.0/bin/../libexec/gcc/x86_64-pc-linux-gnu/6.3.0/collect2 -plugin /geode2/soft/hps/rhel7/gcc/6.3.0/bin/../libexec/gcc/x86_64-pc-linux-gnu/6.3.0/liblto_plugin.so -plugin-opt=/geode2/soft/hps/rhel7/gcc/6.3.0/bin/../libexec/gcc/x86_64-pc-linux-gnu/6.3.0/lto-wrapper -plugin-opt=-fresolution=/tmp/ccTNNj6d.res -plugin-opt=-pass-through=-lgcc_s -plugin-opt=-pass-through=-lgcc -plugin-opt=-pass-through=-lc -plugin-opt=-pass-through=-lgcc_s -plugin-opt=-pass-through=-lgcc --eh-frame-hdr -m elf_x86_64 -export-dynamic -dynamic-linker /lib64/ld-linux-x86-64.so.2 -o cmTryCompileExec1054693510 /lib/../lib64/crt1.o /lib/../lib64/crti.o /geode2/soft/hps/rhel7/gcc/6.3.0/bin/../lib/gcc/x86_64-pc-linux-gnu/6.3.0/crtbegin.o -L/geode2/soft/hps/rhel7/gcc/6.3.0/bin/../lib/gcc/x86_64-pc-linux-gnu/6.3.0 -L/geode2/soft/hps/rhel7/gcc/6.3.0/bin/../lib/gcc -L/N/soft/rhel7/gcc/6.3.0/lib64/../lib64 -L/N/soft/rhel7/gcc/6.3.0/lib/../lib64 -L/geode2/soft/hps/rhel7/gcc/6.3.0/bin/../lib/gcc/x86_64-pc-linux-gnu/6.3.0/../../../../lib64 -L/lib/../lib64 -L/usr/lib/../lib64 -L/N/soft/rhel7/intel/19.5/compilers_and_libraries_2019.5.281/linux/ipp/lib/intel64 -L/N/soft/rhel7/intel/19.5/compilers_and_libraries_2019.5.281/linux/compiler/lib/intel64_lin -L/N/soft/rhel7/intel/19.5/compilers_and_libraries_2019.5.281/linux/mkl/lib/intel64_lin -L/N/soft/rhel7/intel/19.5/compilers_and_libraries_2019.5.281/linux/tbb/lib/intel64/gcc4.7 -L/N/soft/rhel7/intel/19.5/compilers_and_libraries_2019.5.281/linux/daal/lib/intel64_lin -L/N/soft/rhel7/gcc/6.3.0/lib64 -L/N/soft/rhel7/gcc/6.3.0/lib -L/geode2/soft/hps/rhel7/gcc/6.3.0/bin/../lib/gcc/x86_64-pc-linux-gnu/6.3.0/../../.. CMakeFiles/cmTryCompileExec1054693510.dir/CMakeCXXCompilerABI.cpp.o -lstdc++ -lm -lgcc_s -lgcc -lc -lgcc_s -lgcc /geode2/soft/hps/rhel7/gcc/6.3.0/bin/../lib/gcc/x86_64-pc-linux-gnu/6.3.0/crtend.o /lib/../lib64/crtn.o
COLLECT_GCC_OPTIONS='-v' '-o' 'cmTryCompileExec1054693510' '-rdynamic' '-shared-libgcc' '-mtune=generic' '-march=x86-64'
gmake[1]: Leaving directory `/N/project/ceem_coherent/CENNS750/PMTtests/code/PMT-Analysis-ROOT/build/CMakeFiles/CMakeTmp'


Parsed CXX implicit link information from above output:
  link line regex: [^( *|.*[/\])(ld|([^/\]+-)?ld|collect2)[^/\]*( |$)]
  ignore line: [Change Dir: /N/project/ceem_coherent/CENNS750/PMTtests/code/PMT-Analysis-ROOT/build/CMakeFiles/CMakeTmp]
  ignore line: []
  ignore line: [Run Build Command:/bin/gmake "cmTryCompileExec1054693510/fast"]
  ignore line: [/bin/gmake -f CMakeFiles/cmTryCompileExec1054693510.dir/build.make CMakeFiles/cmTryCompileExec1054693510.dir/build]
  ignore line: [gmake[1]: Entering directory `/N/project/ceem_coherent/CENNS750/PMTtests/code/PMT-Analysis-ROOT/build/CMakeFiles/CMakeTmp']
  ignore line: [/usr/bin/cmake -E cmake_progress_report /N/project/ceem_coherent/CENNS750/PMTtests/code/PMT-Analysis-ROOT/build/CMakeFiles/CMakeTmp/CMakeFiles 1]
  ignore line: [Building CXX object CMakeFiles/cmTryCompileExec1054693510.dir/CMakeCXXCompilerABI.cpp.o]
  ignore line: [/N/soft/rhel7/gcc/6.3.0/bin/c++     -o CMakeFiles/cmTryCompileExec1054693510.dir/CMakeCXXCompilerABI.cpp.o -c /usr/share/cmake/Modules/CMakeCXXCompilerABI.cpp]
  ignore line: [Linking CXX executable cmTryCompileExec1054693510]
  ignore line: [/usr/bin/cmake -E cmake_link_script CMakeFiles/cmTryCompileExec1054693510.dir/link.txt --verbose=1]
  ignore line: [/N/soft/rhel7/gcc/6.3.0/bin/c++      -v CMakeFiles/cmTryCompileExec1054693510.dir/CMakeCXXCompilerABI.cpp.o  -o cmTryCompileExec1054693510 -rdynamic  ]
  ignore line: [Using built-in specs.]
  ignore line: [COLLECT_GCC=/N/soft/rhel7/gcc/6.3.0/bin/c++]
  ignore line: [COLLECT_LTO_WRAPPER=/geode2/soft/hps/rhel7/gcc/6.3.0/bin/../libexec/gcc/x86_64-pc-linux-gnu/6.3.0/lto-wrapper]
  ignore line: [Target: x86_64-pc-linux-gnu]
  ignore line: [Configured with: ./configure --prefix=/N/soft/rhel7/gcc/6.3.0 --with-long-double-128 --enable-host-shared --disable-multilib --enable-threads]
  ignore line: [Thread model: posix]
  ignore line: [gcc version 6.3.0 (GCC) ]
  ignore line: [COMPILER_PATH=/geode2/soft/hps/rhel7/gcc/6.3.0/bin/../libexec/gcc/x86_64-pc-linux-gnu/6.3.0/:/geode2/soft/hps/rhel7/gcc/6.3.0/bin/../libexec/gcc/:/N/soft/rhel7/xalt/2.10.19/bin/]
  ignore line: [LIBRARY_PATH=/geode2/soft/hps/rhel7/gcc/6.3.0/bin/../lib/gcc/x86_64-pc-linux-gnu/6.3.0/:/geode2/soft/hps/rhel7/gcc/6.3.0/bin/../lib/gcc/:/N/soft/rhel7/gcc/6.3.0/lib64/../lib64/:/N/soft/rhel7/gcc/6.3.0/lib/../lib64/:/geode2/soft/hps/rhel7/gcc/6.3.0/bin/../lib/gcc/x86_64-pc-linux-gnu/6.3.0/../../../../lib64/:/lib/../lib64/:/usr/lib/../lib64/:/N/soft/rhel7/intel/19.5/compilers_and_libraries_2019.5.281/linux/ipp/lib/intel64/:/N/soft/rhel7/intel/19.5/compilers_and_libraries_2019.5.281/linux/compiler/lib/intel64_lin/:/N/soft/rhel7/intel/19.5/compilers_and_libraries_2019.5.281/linux/mkl/lib/intel64_lin/:/N/soft/rhel7/intel/19.5/compilers_and_libraries_2019.5.281/linux/tbb/lib/intel64/gcc4.7/:/N/soft/rhel7/intel/19.5/compilers_and_libraries_2019.5.281/linux/daal/lib/intel64_lin/:/N/soft/rhel7/gcc/6.3.0/lib64/:/N/soft/rhel7/gcc/6.3.0/lib/:/geode2/soft/hps/rhel7/gcc/6.3.0/bin/../lib/gcc/x86_64-pc-linux-gnu/6.3.0/../../../:/lib/:/usr/lib/]
  ignore line: [COLLECT_GCC_OPTIONS='-v' '-o' 'cmTryCompileExec1054693510' '-rdynamic' '-shared-libgcc' '-mtune=generic' '-march=x86-64']
  link line: [ /geode2/soft/hps/rhel7/gcc/6.3.0/bin/../libexec/gcc/x86_64-pc-linux-gnu/6.3.0/collect2 -plugin /geode2/soft/hps/rhel7/gcc/6.3.0/bin/../libexec/gcc/x86_64-pc-linux-gnu/6.3.0/liblto_plugin.so -plugin-opt=/geode2/soft/hps/rhel7/gcc/6.3.0/bin/../libexec/gcc/x86_64-pc-linux-gnu/6.3.0/lto-wrapper -plugin-opt=-fresolution=/tmp/ccTNNj6d.res -plugin-opt=-pass-through=-lgcc_s -plugin-opt=-pass-through=-lgcc -plugin-opt=-pass-through=-lc -plugin-opt=-pass-through=-lgcc_s -plugin-opt=-pass-through=-lgcc --eh-frame-hdr -m elf_x86_64 -export-dynamic -dynamic-linker /lib64/ld-linux-x86-64.so.2 -o cmTryCompileExec1054693510 /lib/../lib64/crt1.o /lib/../lib64/crti.o /geode2/soft/hps/rhel7/gcc/6.3.0/bin/../lib/gcc/x86_64-pc-linux-gnu/6.3.0/crtbegin.o -L/geode2/soft/hps/rhel7/gcc/6.3.0/bin/../lib/gcc/x86_64-pc-linux-gnu/6.3.0 -L/geode2/soft/hps/rhel7/gcc/6.3.0/bin/../lib/gcc -L/N/soft/rhel7/gcc/6.3.0/lib64/../lib64 -L/N/soft/rhel7/gcc/6.3.0/lib/../lib64 -L/geode2/soft/hps/rhel7/gcc/6.3.0/bin/../lib/gcc/x86_64-pc-linux-gnu/6.3.0/../../../../lib64 -L/lib/../lib64 -L/usr/lib/../lib64 -L/N/soft/rhel7/intel/19.5/compilers_and_libraries_2019.5.281/linux/ipp/lib/intel64 -L/N/soft/rhel7/intel/19.5/compilers_and_libraries_2019.5.281/linux/compiler/lib/intel64_lin -L/N/soft/rhel7/intel/19.5/compilers_and_libraries_2019.5.281/linux/mkl/lib/intel64_lin -L/N/soft/rhel7/intel/19.5/compilers_and_libraries_2019.5.281/linux/tbb/lib/intel64/gcc4.7 -L/N/soft/rhel7/intel/19.5/compilers_and_libraries_2019.5.281/linux/daal/lib/intel64_lin -L/N/soft/rhel7/gcc/6.3.0/lib64 -L/N/soft/rhel7/gcc/6.3.0/lib -L/geode2/soft/hps/rhel7/gcc/6.3.0/bin/../lib/gcc/x86_64-pc-linux-gnu/6.3.0/../../.. CMakeFiles/cmTryCompileExec1054693510.dir/CMakeCXXCompilerABI.cpp.o -lstdc++ -lm -lgcc_s -lgcc -lc -lgcc_s -lgcc /geode2/soft/hps/rhel7/gcc/6.3.0/bin/../lib/gcc/x86_64-pc-linux-gnu/6.3.0/crtend.o /lib/../lib64/crtn.o]
    arg [/geode2/soft/hps/rhel7/gcc/6.3.0/bin/../libexec/gcc/x86_64-pc-linux-gnu/6.3.0/collect2] ==> ignore
    arg [-plugin] ==> ignore
    arg [/geode2/soft/hps/rhel7/gcc/6.3.0/bin/../libexec/gcc/x86_64-pc-linux-gnu/6.3.0/liblto_plugin.so] ==> ignore
    arg [-plugin-opt=/geode2/soft/hps/rhel7/gcc/6.3.0/bin/../libexec/gcc/x86_64-pc-linux-gnu/6.3.0/lto-wrapper] ==> ignore
    arg [-plugin-opt=-fresolution=/tmp/ccTNNj6d.res] ==> ignore
    arg [-plugin-opt=-pass-through=-lgcc_s] ==> ignore
    arg [-plugin-opt=-pass-through=-lgcc] ==> ignore
    arg [-plugin-opt=-pass-through=-lc] ==> ignore
    arg [-plugin-opt=-pass-through=-lgcc_s] ==> ignore
    arg [-plugin-opt=-pass-through=-lgcc] ==> ignore
    arg [--eh-frame-hdr] ==> ignore
    arg [-m] ==> ignore
    arg [elf_x86_64] ==> ignore
    arg [-export-dynamic] ==> ignore
    arg [-dynamic-linker] ==> ignore
    arg [/lib64/ld-linux-x86-64.so.2] ==> ignore
    arg [-o] ==> ignore
    arg [cmTryCompileExec1054693510] ==> ignore
    arg [/lib/../lib64/crt1.o] ==> ignore
    arg [/lib/../lib64/crti.o] ==> ignore
    arg [/geode2/soft/hps/rhel7/gcc/6.3.0/bin/../lib/gcc/x86_64-pc-linux-gnu/6.3.0/crtbegin.o] ==> ignore
    arg [-L/geode2/soft/hps/rhel7/gcc/6.3.0/bin/../lib/gcc/x86_64-pc-linux-gnu/6.3.0] ==> dir [/geode2/soft/hps/rhel7/gcc/6.3.0/bin/../lib/gcc/x86_64-pc-linux-gnu/6.3.0]
    arg [-L/geode2/soft/hps/rhel7/gcc/6.3.0/bin/../lib/gcc] ==> dir [/geode2/soft/hps/rhel7/gcc/6.3.0/bin/../lib/gcc]
    arg [-L/N/soft/rhel7/gcc/6.3.0/lib64/../lib64] ==> dir [/N/soft/rhel7/gcc/6.3.0/lib64/../lib64]
    arg [-L/N/soft/rhel7/gcc/6.3.0/lib/../lib64] ==> dir [/N/soft/rhel7/gcc/6.3.0/lib/../lib64]
    arg [-L/geode2/soft/hps/rhel7/gcc/6.3.0/bin/../lib/gcc/x86_64-pc-linux-gnu/6.3.0/../../../../lib64] ==> dir [/geode2/soft/hps/rhel7/gcc/6.3.0/bin/../lib/gcc/x86_64-pc-linux-gnu/6.3.0/../../../../lib64]
    arg [-L/lib/../lib64] ==> dir [/lib/../lib64]
    arg [-L/usr/lib/../lib64] ==> dir [/usr/lib/../lib64]
    arg [-L/N/soft/rhel7/intel/19.5/compilers_and_libraries_2019.5.281/linux/ipp/lib/intel64] ==> dir [/N/soft/rhel7/intel/19.5/compilers_and_libraries_2019.5.281/linux/ipp/lib/intel64]
    arg [-L/N/soft/rhel7/intel/19.5/compilers_and_libraries_2019.5.281/linux/compiler/lib/intel64_lin] ==> dir [/N/soft/rhel7/intel/19.5/compilers_and_libraries_2019.5.281/linux/compiler/lib/intel64_lin]
    arg [-L/N/soft/rhel7/intel/19.5/compilers_and_libraries_2019.5.281/linux/mkl/lib/intel64_lin] ==> dir [/N/soft/rhel7/intel/19.5/compilers_and_libraries_2019.5.281/linux/mkl/lib/intel64_lin]
    arg [-L/N/soft/rhel7/intel/19.5/compilers_and_libraries_2019.5.281/linux/tbb/lib/intel64/gcc4.7] ==> dir [/N/soft/rhel7/intel/19.5/compilers_and_libraries_2019.5.281/linux/tbb/lib/intel64/gcc4.7]
    arg [-L/N/soft/rhel7/intel/19.5/compilers_and_libraries_2019.5.281/linux/daal/lib/intel64_lin] ==> dir [/N/soft/rhel7/intel/19.5/compilers_and_libraries_2019.5.281/linux/daal/lib/intel64_lin]
    arg [-L/N/soft/rhel7/gcc/6.3.0/lib64] ==> dir [/N/soft/rhel7/gcc/6.3.0/lib64]
    arg [-L/N/soft/rhel7/gcc/6.3.0/lib] ==> dir [/N/soft/rhel7/gcc/6.3.0/lib]
    arg [-L/geode2/soft/hps/rhel7/gcc/6.3.0/bin/../lib/gcc/x86_64-pc-linux-gnu/6.3.0/../../..] ==> dir [/geode2/soft/hps/rhel7/gcc/6.3.0/bin/../lib/gcc/x86_64-pc-linux-gnu/6.3.0/../../..]
    arg [CMakeFiles/cmTryCompileExec1054693510.dir/CMakeCXXCompilerABI.cpp.o] ==> ignore
    arg [-lstdc++] ==> lib [stdc++]
    arg [-lm] ==> lib [m]
    arg [-lgcc_s] ==> lib [gcc_s]
    arg [-lgcc] ==> lib [gcc]
    arg [-lc] ==> lib [c]
    arg [-lgcc_s] ==> lib [gcc_s]
    arg [-lgcc] ==> lib [gcc]
    arg [/geode2/soft/hps/rhel7/gcc/6.3.0/bin/../lib/gcc/x86_64-pc-linux-gnu/6.3.0/crtend.o] ==> ignore
    arg [/lib/../lib64/crtn.o] ==> ignore
  remove lib [gcc_s]
  remove lib [gcc]
  remove lib [gcc_s]
  remove lib [gcc]
  collapse library dir [/geode2/soft/hps/rhel7/gcc/6.3.0/bin/../lib/gcc/x86_64-pc-linux-gnu/6.3.0] ==> [/geode2/soft/hps/rhel7/gcc/6.3.0/lib/gcc/x86_64-pc-linux-gnu/6.3.0]
  collapse library dir [/geode2/soft/hps/rhel7/gcc/6.3.0/bin/../lib/gcc] ==> [/geode2/soft/hps/rhel7/gcc/6.3.0/lib/gcc]
  collapse library dir [/N/soft/rhel7/gcc/6.3.0/lib64/../lib64] ==> [/N/soft/rhel7/gcc/6.3.0/lib64]
  collapse library dir [/N/soft/rhel7/gcc/6.3.0/lib/../lib64] ==> [/N/soft/rhel7/gcc/6.3.0/lib64]
  collapse library dir [/geode2/soft/hps/rhel7/gcc/6.3.0/bin/../lib/gcc/x86_64-pc-linux-gnu/6.3.0/../../../../lib64] ==> [/geode2/soft/hps/rhel7/gcc/6.3.0/lib64]
  collapse library dir [/lib/../lib64] ==> [/lib64]
  collapse library dir [/usr/lib/../lib64] ==> [/usr/lib64]
  collapse library dir [/N/soft/rhel7/intel/19.5/compilers_and_libraries_2019.5.281/linux/ipp/lib/intel64] ==> [/N/soft/rhel7/intel/19.5/compilers_and_libraries_2019.5.281/linux/ipp/lib/intel64]
  collapse library dir [/N/soft/rhel7/intel/19.5/compilers_and_libraries_2019.5.281/linux/compiler/lib/intel64_lin] ==> [/N/soft/rhel7/intel/19.5/compilers_and_libraries_2019.5.281/linux/compiler/lib/intel64_lin]
  collapse library dir [/N/soft/rhel7/intel/19.5/compilers_and_libraries_2019.5.281/linux/mkl/lib/intel64_lin] ==> [/N/soft/rhel7/intel/19.5/compilers_and_libraries_2019.5.281/linux/mkl/lib/intel64_lin]
  collapse library dir [/N/soft/rhel7/intel/19.5/compilers_and_libraries_2019.5.281/linux/tbb/lib/intel64/gcc4.7] ==> [/N/soft/rhel7/intel/19.5/compilers_and_libraries_2019.5.281/linux/tbb/lib/intel64/gcc4.7]
  collapse library dir [/N/soft/rhel7/intel/19.5/compilers_and_libraries_2019.5.281/linux/daal/lib/intel64_lin] ==> [/N/soft/rhel7/intel/19.5/compilers_and_libraries_2019.5.281/linux/daal/lib/intel64_lin]
  collapse library dir [/N/soft/rhel7/gcc/6.3.0/lib64] ==> [/N/soft/rhel7/gcc/6.3.0/lib64]
  collapse library dir [/N/soft/rhel7/gcc/6.3.0/lib] ==> [/N/soft/rhel7/gcc/6.3.0/lib]
  collapse library dir [/geode2/soft/hps/rhel7/gcc/6.3.0/bin/../lib/gcc/x86_64-pc-linux-gnu/6.3.0/../../..] ==> [/geode2/soft/hps/rhel7/gcc/6.3.0/lib]
  implicit libs: [stdc++;m;c]
  implicit dirs: [/geode2/soft/hps/rhel7/gcc/6.3.0/lib/gcc/x86_64-pc-linux-gnu/6.3.0;/geode2/soft/hps/rhel7/gcc/6.3.0/lib/gcc;/N/soft/rhel7/gcc/6.3.0/lib64;/geode2/soft/hps/rhel7/gcc/6.3.0/lib64;/lib64;/usr/lib64;/N/soft/rhel7/intel/19.5/compilers_and_libraries_2019.5.281/linux/ipp/lib/intel64;/N/soft/rhel7/intel/19.5/compilers_and_libraries_2019.5.281/linux/compiler/lib/intel64_lin;/N/soft/rhel7/intel/19.5/compilers_and_libraries_2019.5.281/linux/mkl/lib/intel64_lin;/N/soft/rhel7/intel/19.5/compilers_and_libraries_2019.5.281/linux/tbb/lib/intel64/gcc4.7;/N/soft/rhel7/intel/19.5/compilers_and_libraries_2019.5.281/linux/daal/lib/intel64_lin;/N/soft/rhel7/gcc/6.3.0/lib;/geode2/soft/hps/rhel7/gcc/6.3.0/lib]
  implicit fwks: []


